This file contains any messages produced by compilers while
running configure, to aid debugging if configure makes a mistake.

It was created by IMa2p configure 1.0, which was
generated by GNU Autoconf 2.63.  Invocation command line was

  $ ./configure --with-mpi=no --prefix=/home/arunseth/imampi/

## --------- ##
## Platform. ##
## --------- ##

hostname = athena.plp.iastate.edu
uname -m = x86_64
uname -r = 2.6.32-504.3.3.el6.x86_64
uname -s = Linux
uname -v = #1 SMP Fri Dec 12 16:05:43 EST 2014

/usr/bin/uname -p = unknown
/bin/uname -X     = unknown

/bin/arch              = x86_64
/usr/bin/arch -k       = unknown
/usr/convex/getsysinfo = unknown
/usr/bin/hostinfo      = unknown
/bin/machine           = unknown
/usr/bin/oslevel       = unknown
/bin/universe          = unknown

PATH: /usr/lib64/qt-3.3/bin
PATH: /usr/local/sbin
PATH: /usr/local/bin
PATH: /sbin
PATH: /bin
PATH: /usr/sbin
PATH: /usr/bin
PATH: /root/bin
PATH: /usr/local/bcbbin
PATH: /usr/src/BCB/blast+/ncbi-blast-2.2.25+/bin
PATH: /opt/cdhit
PATH: /home/arunseth/bin
PATH: /home/arunseth/Structure/structure_kernel_src


## ----------- ##
## Core tests. ##
## ----------- ##

configure:1983: checking for a BSD-compatible install
configure:2051: result: /usr/bin/install -c
configure:2062: checking whether build environment is sane
configure:2122: result: yes
configure:2263: checking for a thread-safe mkdir -p
configure:2302: result: /bin/mkdir -p
configure:2315: checking for gawk
configure:2331: found /bin/gawk
configure:2342: result: gawk
configure:2353: checking whether make sets $(MAKE)
configure:2375: result: yes
configure:2598: creating ./config.status

## ---------------------- ##
## Running config.status. ##
## ---------------------- ##

This file was extended by IMa2p config.status 1.0, which was
generated by GNU Autoconf 2.63.  Invocation command line was

  CONFIG_FILES    = 
  CONFIG_HEADERS  = 
  CONFIG_LINKS    = 
  CONFIG_COMMANDS = 
  $ ./config.status 

on athena.plp.iastate.edu

config.status:695: creating Makefile
config.status:695: creating src/Makefile
configure:3589: checking whether to enable maintainer-specific portions of Makefiles
configure:3598: result: no
configure:3620: checking for gawk
configure:3647: result: gawk
configure:3674: checking for a BSD-compatible install
configure:3742: result: /usr/bin/install -c
configure:3753: checking whether ln -s works
configure:3757: result: yes
configure:3764: checking whether make sets $(MAKE)
configure:3786: result: yes
configure:3838: checking for ranlib
configure:3854: found /usr/bin/ranlib
configure:3865: result: ranlib
configure:3903: checking for style of include used by make
configure:3931: result: GNU
configure:4001: checking for gcc
configure:4017: found /usr/bin/gcc
configure:4028: result: gcc
configure:4260: checking for C compiler version
configure:4268: gcc --version >&5
gcc (GCC) 4.4.7 20120313 (Red Hat 4.4.7-11)
Copyright (C) 2010 Free Software Foundation, Inc.
This is free software; see the source for copying conditions.  There is NO
warranty; not even for MERCHANTABILITY or FITNESS FOR A PARTICULAR PURPOSE.

configure:4272: $? = 0
configure:4279: gcc -v >&5
Using built-in specs.
Target: x86_64-redhat-linux
Configured with: ../configure --prefix=/usr --mandir=/usr/share/man --infodir=/usr/share/info --with-bugurl=http://bugzilla.redhat.com/bugzilla --enable-bootstrap --enable-shared --enable-threads=posix --enable-checking=release --with-system-zlib --enable-__cxa_atexit --disable-libunwind-exceptions --enable-gnu-unique-object --enable-languages=c,c++,objc,obj-c++,java,fortran,ada --enable-java-awt=gtk --disable-dssi --with-java-home=/usr/lib/jvm/java-1.5.0-gcj-1.5.0.0/jre --enable-libgcj-multifile --enable-java-maintainer-mode --with-ecj-jar=/usr/share/java/eclipse-ecj.jar --disable-libjava-multilib --with-ppl --with-cloog --with-tune=generic --with-arch_32=i686 --build=x86_64-redhat-linux
Thread model: posix
gcc version 4.4.7 20120313 (Red Hat 4.4.7-11) (GCC) 
configure:4283: $? = 0
configure:4290: gcc -V >&5
gcc: '-V' option must have argument
configure:4294: $? = 1
configure:4317: checking for C compiler default output file name
configure:4339: gcc    conftest.c  >&5
configure:4343: $? = 0
configure:4381: result: a.out
configure:4400: checking whether the C compiler works
configure:4410: ./a.out
configure:4414: $? = 0
configure:4433: result: yes
configure:4440: checking whether we are cross compiling
configure:4442: result: no
configure:4445: checking for suffix of executables
configure:4452: gcc -o conftest    conftest.c  >&5
configure:4456: $? = 0
configure:4482: result: 
configure:4488: checking for suffix of object files
configure:4514: gcc -c   conftest.c >&5
configure:4518: $? = 0
configure:4543: result: o
configure:4547: checking whether we are using the GNU C compiler
configure:4576: gcc -c   conftest.c >&5
configure:4583: $? = 0
configure:4600: result: yes
configure:4609: checking whether gcc accepts -g
configure:4639: gcc -c -g  conftest.c >&5
configure:4646: $? = 0
configure:4747: result: yes
configure:4764: checking for gcc option to accept ISO C89
configure:4838: gcc  -c -g -O2  conftest.c >&5
configure:4845: $? = 0
configure:4868: result: none needed
configure:4888: checking dependency style of gcc
configure:4998: result: gcc3
configure:5019: checking how to run the C preprocessor
configure:5059: gcc -E  conftest.c
configure:5066: $? = 0
configure:5097: gcc -E  conftest.c
conftest.c:10:28: error: ac_nonexistent.h: No such file or directory
configure:5104: $? = 1
configure: failed program was:
| /* confdefs.h.  */
| #define PACKAGE_NAME "IMa2p"
| #define PACKAGE_TARNAME "ima2p"
| #define PACKAGE_VERSION "1.0"
| #define PACKAGE_STRING "IMa2p 1.0"
| #define PACKAGE_BUGREPORT "arun@temple.edu"
| #define PACKAGE "IMa2p"
| #define VERSION "1.0"
| /* end confdefs.h.  */
| #include <ac_nonexistent.h>
configure:5137: result: gcc -E
configure:5166: gcc -E  conftest.c
configure:5173: $? = 0
configure:5204: gcc -E  conftest.c
conftest.c:10:28: error: ac_nonexistent.h: No such file or directory
configure:5211: $? = 1
configure: failed program was:
| /* confdefs.h.  */
| #define PACKAGE_NAME "IMa2p"
| #define PACKAGE_TARNAME "ima2p"
| #define PACKAGE_VERSION "1.0"
| #define PACKAGE_STRING "IMa2p 1.0"
| #define PACKAGE_BUGREPORT "arun@temple.edu"
| #define PACKAGE "IMa2p"
| #define VERSION "1.0"
| /* end confdefs.h.  */
| #include <ac_nonexistent.h>
configure:5251: checking for grep that handles long lines and -e
configure:5311: result: /bin/grep
configure:5316: checking for egrep
configure:5380: result: /bin/grep -E
configure:5385: checking for ANSI C header files
configure:5415: gcc -c -g -O2  conftest.c >&5
configure:5422: $? = 0
configure:5521: gcc -o conftest -g -O2   conftest.c  >&5
configure:5525: $? = 0
configure:5531: ./conftest
configure:5535: $? = 0
configure:5553: result: yes
configure:5577: checking for sys/types.h
configure:5598: gcc -c -g -O2  conftest.c >&5
configure:5605: $? = 0
configure:5622: result: yes
configure:5577: checking for sys/stat.h
configure:5598: gcc -c -g -O2  conftest.c >&5
configure:5605: $? = 0
configure:5622: result: yes
configure:5577: checking for stdlib.h
configure:5598: gcc -c -g -O2  conftest.c >&5
configure:5605: $? = 0
configure:5622: result: yes
configure:5577: checking for string.h
configure:5598: gcc -c -g -O2  conftest.c >&5
configure:5605: $? = 0
configure:5622: result: yes
configure:5577: checking for memory.h
configure:5598: gcc -c -g -O2  conftest.c >&5
configure:5605: $? = 0
configure:5622: result: yes
configure:5577: checking for strings.h
configure:5598: gcc -c -g -O2  conftest.c >&5
configure:5605: $? = 0
configure:5622: result: yes
configure:5577: checking for inttypes.h
configure:5598: gcc -c -g -O2  conftest.c >&5
configure:5605: $? = 0
configure:5622: result: yes
configure:5577: checking for stdint.h
configure:5598: gcc -c -g -O2  conftest.c >&5
configure:5605: $? = 0
configure:5622: result: yes
configure:5577: checking for unistd.h
configure:5598: gcc -c -g -O2  conftest.c >&5
configure:5605: $? = 0
configure:5622: result: yes
configure:5636: checking for size_t
configure:5664: gcc -c -g -O2  conftest.c >&5
configure:5671: $? = 0
configure:5698: gcc -c -g -O2  conftest.c >&5
conftest.c: In function 'main':
conftest.c:56: error: expected expression before ')' token
configure:5705: $? = 1
configure: failed program was:
| /* confdefs.h.  */
| #define PACKAGE_NAME "IMa2p"
| #define PACKAGE_TARNAME "ima2p"
| #define PACKAGE_VERSION "1.0"
| #define PACKAGE_STRING "IMa2p 1.0"
| #define PACKAGE_BUGREPORT "arun@temple.edu"
| #define PACKAGE "IMa2p"
| #define VERSION "1.0"
| #define STDC_HEADERS 1
| #define HAVE_SYS_TYPES_H 1
| #define HAVE_SYS_STAT_H 1
| #define HAVE_STDLIB_H 1
| #define HAVE_STRING_H 1
| #define HAVE_MEMORY_H 1
| #define HAVE_STRINGS_H 1
| #define HAVE_INTTYPES_H 1
| #define HAVE_STDINT_H 1
| #define HAVE_UNISTD_H 1
| /* end confdefs.h.  */
| #include <stdio.h>
| #ifdef HAVE_SYS_TYPES_H
| # include <sys/types.h>
| #endif
| #ifdef HAVE_SYS_STAT_H
| # include <sys/stat.h>
| #endif
| #ifdef STDC_HEADERS
| # include <stdlib.h>
| # include <stddef.h>
| #else
| # ifdef HAVE_STDLIB_H
| #  include <stdlib.h>
| # endif
| #endif
| #ifdef HAVE_STRING_H
| # if !defined STDC_HEADERS && defined HAVE_MEMORY_H
| #  include <memory.h>
| # endif
| # include <string.h>
| #endif
| #ifdef HAVE_STRINGS_H
| # include <strings.h>
| #endif
| #ifdef HAVE_INTTYPES_H
| # include <inttypes.h>
| #endif
| #ifdef HAVE_STDINT_H
| # include <stdint.h>
| #endif
| #ifdef HAVE_UNISTD_H
| # include <unistd.h>
| #endif
| int
| main ()
| {
| if (sizeof ((size_t)))
| 	  return 0;
|   ;
|   return 0;
| }
configure:5728: result: yes
configure:5740: checking for working volatile
configure:5769: gcc -c -g -O2  conftest.c >&5
configure:5776: $? = 0
configure:5791: result: yes
configure:5801: checking for inline
configure:5827: gcc -c -g -O2  conftest.c >&5
configure:5834: $? = 0
configure:5852: result: inline
configure:5872: checking whether char is unsigned
configure:5900: gcc -c -g -O2  conftest.c >&5
configure:5907: $? = 0
configure:5922: result: no
configure:5935: checking for vprintf
configure:5991: gcc -o conftest -g -O2   conftest.c  >&5
conftest.c:43: warning: conflicting types for built-in function 'vprintf'
configure:5998: $? = 0
configure:6020: result: yes
configure:6029: checking for _doprnt
configure:6085: gcc -o conftest -g -O2   conftest.c  >&5
/tmp/ccfB52g5.o: In function `main':
/home/arunseth/imampi/conftest.c:55: undefined reference to `_doprnt'
collect2: ld returned 1 exit status
configure:6092: $? = 1
configure: failed program was:
| /* confdefs.h.  */
| #define PACKAGE_NAME "IMa2p"
| #define PACKAGE_TARNAME "ima2p"
| #define PACKAGE_VERSION "1.0"
| #define PACKAGE_STRING "IMa2p 1.0"
| #define PACKAGE_BUGREPORT "arun@temple.edu"
| #define PACKAGE "IMa2p"
| #define VERSION "1.0"
| #define STDC_HEADERS 1
| #define HAVE_SYS_TYPES_H 1
| #define HAVE_SYS_STAT_H 1
| #define HAVE_STDLIB_H 1
| #define HAVE_STRING_H 1
| #define HAVE_MEMORY_H 1
| #define HAVE_STRINGS_H 1
| #define HAVE_INTTYPES_H 1
| #define HAVE_STDINT_H 1
| #define HAVE_UNISTD_H 1
| #define HAVE_VPRINTF 1
| /* end confdefs.h.  */
| /* Define _doprnt to an innocuous variant, in case <limits.h> declares _doprnt.
|    For example, HP-UX 11i <limits.h> declares gettimeofday.  */
| #define _doprnt innocuous__doprnt
| 
| /* System header to define __stub macros and hopefully few prototypes,
|     which can conflict with char _doprnt (); below.
|     Prefer <limits.h> to <assert.h> if __STDC__ is defined, since
|     <limits.h> exists even on freestanding compilers.  */
| 
| #ifdef __STDC__
| # include <limits.h>
| #else
| # include <assert.h>
| #endif
| 
| #undef _doprnt
| 
| /* Override any GCC internal prototype to avoid an error.
|    Use char because int might match the return type of a GCC
|    builtin and then its argument prototype would still apply.  */
| #ifdef __cplusplus
| extern "C"
| #endif
| char _doprnt ();
| /* The GNU C library defines this for functions which it implements
|     to always fail with ENOSYS.  Some functions are actually named
|     something starting with __ and the normal name is an alias.  */
| #if defined __stub__doprnt || defined __stub____doprnt
| choke me
| #endif
| 
| int
| main ()
| {
| return _doprnt ();
|   ;
|   return 0;
| }
configure:6112: result: no
configure:6142: checking whether to compile using MPI
configure:6149: result: no
configure:6316: checking for g++
configure:6332: found /usr/bin/g++
configure:6343: result: g++
configure:6370: checking for C++ compiler version
configure:6378: g++ --version >&5
g++ (GCC) 4.4.7 20120313 (Red Hat 4.4.7-11)
Copyright (C) 2010 Free Software Foundation, Inc.
This is free software; see the source for copying conditions.  There is NO
warranty; not even for MERCHANTABILITY or FITNESS FOR A PARTICULAR PURPOSE.

configure:6382: $? = 0
configure:6389: g++ -v >&5
Using built-in specs.
Target: x86_64-redhat-linux
Configured with: ../configure --prefix=/usr --mandir=/usr/share/man --infodir=/usr/share/info --with-bugurl=http://bugzilla.redhat.com/bugzilla --enable-bootstrap --enable-shared --enable-threads=posix --enable-checking=release --with-system-zlib --enable-__cxa_atexit --disable-libunwind-exceptions --enable-gnu-unique-object --enable-languages=c,c++,objc,obj-c++,java,fortran,ada --enable-java-awt=gtk --disable-dssi --with-java-home=/usr/lib/jvm/java-1.5.0-gcj-1.5.0.0/jre --enable-libgcj-multifile --enable-java-maintainer-mode --with-ecj-jar=/usr/share/java/eclipse-ecj.jar --disable-libjava-multilib --with-ppl --with-cloog --with-tune=generic --with-arch_32=i686 --build=x86_64-redhat-linux
Thread model: posix
gcc version 4.4.7 20120313 (Red Hat 4.4.7-11) (GCC) 
configure:6393: $? = 0
configure:6400: g++ -V >&5
g++: '-V' option must have argument
configure:6404: $? = 1
configure:6407: checking whether we are using the GNU C++ compiler
configure:6436: g++ -c   conftest.cpp >&5
configure:6443: $? = 0
configure:6460: result: yes
configure:6469: checking whether g++ accepts -g
configure:6499: g++ -c -g  conftest.cpp >&5
configure:6506: $? = 0
configure:6607: result: yes
configure:6632: checking dependency style of g++
configure:6742: result: gcc3
configure:6937: WARNING: No MPI compiler found, won't use MPI.
configure:6960: checking for main in -lm
configure:6989: gcc -o conftest -g -O2   conftest.c -lm   >&5
configure:6996: $? = 0
configure:7017: result: yes
configure:7054: checking arpa/inet.h usability
configure:7071: gcc -c -g -O2  conftest.c >&5
configure:7078: $? = 0
configure:7092: result: yes
configure:7096: checking arpa/inet.h presence
configure:7111: gcc -E  conftest.c
configure:7118: $? = 0
configure:7132: result: yes
configure:7165: checking for arpa/inet.h
configure:7174: result: yes
configure:7054: checking float.h usability
configure:7071: gcc -c -g -O2  conftest.c >&5
configure:7078: $? = 0
configure:7092: result: yes
configure:7096: checking float.h presence
configure:7111: gcc -E  conftest.c
configure:7118: $? = 0
configure:7132: result: yes
configure:7165: checking for float.h
configure:7174: result: yes
configure:7054: checking limits.h usability
configure:7071: gcc -c -g -O2  conftest.c >&5
configure:7078: $? = 0
configure:7092: result: yes
configure:7096: checking limits.h presence
configure:7111: gcc -E  conftest.c
configure:7118: $? = 0
configure:7132: result: yes
configure:7165: checking for limits.h
configure:7174: result: yes
configure:7054: checking netdb.h usability
configure:7071: gcc -c -g -O2  conftest.c >&5
configure:7078: $? = 0
configure:7092: result: yes
configure:7096: checking netdb.h presence
configure:7111: gcc -E  conftest.c
configure:7118: $? = 0
configure:7132: result: yes
configure:7165: checking for netdb.h
configure:7174: result: yes
configure:7054: checking netinet/in.h usability
configure:7071: gcc -c -g -O2  conftest.c >&5
configure:7078: $? = 0
configure:7092: result: yes
configure:7096: checking netinet/in.h presence
configure:7111: gcc -E  conftest.c
configure:7118: $? = 0
configure:7132: result: yes
configure:7165: checking for netinet/in.h
configure:7174: result: yes
configure:7043: checking for stdlib.h
configure:7050: result: yes
configure:7043: checking for string.h
configure:7050: result: yes
configure:7054: checking sys/socket.h usability
configure:7071: gcc -c -g -O2  conftest.c >&5
configure:7078: $? = 0
configure:7092: result: yes
configure:7096: checking sys/socket.h presence
configure:7111: gcc -E  conftest.c
configure:7118: $? = 0
configure:7132: result: yes
configure:7165: checking for sys/socket.h
configure:7174: result: yes
configure:7043: checking for unistd.h
configure:7050: result: yes
configure:7054: checking mpi.h usability
configure:7071: gcc -c -g -O2  conftest.c >&5
conftest.c:64:17: error: mpi.h: No such file or directory
configure:7078: $? = 1
configure: failed program was:
| /* confdefs.h.  */
| #define PACKAGE_NAME "IMa2p"
| #define PACKAGE_TARNAME "ima2p"
| #define PACKAGE_VERSION "1.0"
| #define PACKAGE_STRING "IMa2p 1.0"
| #define PACKAGE_BUGREPORT "arun@temple.edu"
| #define PACKAGE "IMa2p"
| #define VERSION "1.0"
| #define STDC_HEADERS 1
| #define HAVE_SYS_TYPES_H 1
| #define HAVE_SYS_STAT_H 1
| #define HAVE_STDLIB_H 1
| #define HAVE_STRING_H 1
| #define HAVE_MEMORY_H 1
| #define HAVE_STRINGS_H 1
| #define HAVE_INTTYPES_H 1
| #define HAVE_STDINT_H 1
| #define HAVE_UNISTD_H 1
| #define HAVE_VPRINTF 1
| #define HAVE_LIBM 1
| #define HAVE_ARPA_INET_H 1
| #define HAVE_FLOAT_H 1
| #define HAVE_LIMITS_H 1
| #define HAVE_NETDB_H 1
| #define HAVE_NETINET_IN_H 1
| #define HAVE_STDLIB_H 1
| #define HAVE_STRING_H 1
| #define HAVE_SYS_SOCKET_H 1
| #define HAVE_UNISTD_H 1
| /* end confdefs.h.  */
| #include <stdio.h>
| #ifdef HAVE_SYS_TYPES_H
| # include <sys/types.h>
| #endif
| #ifdef HAVE_SYS_STAT_H
| # include <sys/stat.h>
| #endif
| #ifdef STDC_HEADERS
| # include <stdlib.h>
| # include <stddef.h>
| #else
| # ifdef HAVE_STDLIB_H
| #  include <stdlib.h>
| # endif
| #endif
| #ifdef HAVE_STRING_H
| # if !defined STDC_HEADERS && defined HAVE_MEMORY_H
| #  include <memory.h>
| # endif
| # include <string.h>
| #endif
| #ifdef HAVE_STRINGS_H
| # include <strings.h>
| #endif
| #ifdef HAVE_INTTYPES_H
| # include <inttypes.h>
| #endif
| #ifdef HAVE_STDINT_H
| # include <stdint.h>
| #endif
| #ifdef HAVE_UNISTD_H
| # include <unistd.h>
| #endif
| #include <mpi.h>
configure:7092: result: no
configure:7096: checking mpi.h presence
configure:7111: gcc -E  conftest.c
conftest.c:31:17: error: mpi.h: No such file or directory
configure:7118: $? = 1
configure: failed program was:
| /* confdefs.h.  */
| #define PACKAGE_NAME "IMa2p"
| #define PACKAGE_TARNAME "ima2p"
| #define PACKAGE_VERSION "1.0"
| #define PACKAGE_STRING "IMa2p 1.0"
| #define PACKAGE_BUGREPORT "arun@temple.edu"
| #define PACKAGE "IMa2p"
| #define VERSION "1.0"
| #define STDC_HEADERS 1
| #define HAVE_SYS_TYPES_H 1
| #define HAVE_SYS_STAT_H 1
| #define HAVE_STDLIB_H 1
| #define HAVE_STRING_H 1
| #define HAVE_MEMORY_H 1
| #define HAVE_STRINGS_H 1
| #define HAVE_INTTYPES_H 1
| #define HAVE_STDINT_H 1
| #define HAVE_UNISTD_H 1
| #define HAVE_VPRINTF 1
| #define HAVE_LIBM 1
| #define HAVE_ARPA_INET_H 1
| #define HAVE_FLOAT_H 1
| #define HAVE_LIMITS_H 1
| #define HAVE_NETDB_H 1
| #define HAVE_NETINET_IN_H 1
| #define HAVE_STDLIB_H 1
| #define HAVE_STRING_H 1
| #define HAVE_SYS_SOCKET_H 1
| #define HAVE_UNISTD_H 1
| /* end confdefs.h.  */
| #include <mpi.h>
configure:7132: result: no
configure:7165: checking for mpi.h
configure:7174: result: no
configure:7191: checking for size_t
configure:7283: result: yes
configure:7295: checking for stdbool.h that conforms to C99
configure:7390: gcc -c -g -O2  conftest.c >&5
configure:7397: $? = 0
configure:7412: result: yes
configure:7414: checking for _Bool
configure:7442: gcc -c -g -O2  conftest.c >&5
configure:7449: $? = 0
configure:7476: gcc -c -g -O2  conftest.c >&5
conftest.c: In function 'main':
conftest.c:67: error: expected expression before ')' token
configure:7483: $? = 1
configure: failed program was:
| /* confdefs.h.  */
| #define PACKAGE_NAME "IMa2p"
| #define PACKAGE_TARNAME "ima2p"
| #define PACKAGE_VERSION "1.0"
| #define PACKAGE_STRING "IMa2p 1.0"
| #define PACKAGE_BUGREPORT "arun@temple.edu"
| #define PACKAGE "IMa2p"
| #define VERSION "1.0"
| #define STDC_HEADERS 1
| #define HAVE_SYS_TYPES_H 1
| #define HAVE_SYS_STAT_H 1
| #define HAVE_STDLIB_H 1
| #define HAVE_STRING_H 1
| #define HAVE_MEMORY_H 1
| #define HAVE_STRINGS_H 1
| #define HAVE_INTTYPES_H 1
| #define HAVE_STDINT_H 1
| #define HAVE_UNISTD_H 1
| #define HAVE_VPRINTF 1
| #define HAVE_LIBM 1
| #define HAVE_ARPA_INET_H 1
| #define HAVE_FLOAT_H 1
| #define HAVE_LIMITS_H 1
| #define HAVE_NETDB_H 1
| #define HAVE_NETINET_IN_H 1
| #define HAVE_STDLIB_H 1
| #define HAVE_STRING_H 1
| #define HAVE_SYS_SOCKET_H 1
| #define HAVE_UNISTD_H 1
| /* end confdefs.h.  */
| #include <stdio.h>
| #ifdef HAVE_SYS_TYPES_H
| # include <sys/types.h>
| #endif
| #ifdef HAVE_SYS_STAT_H
| # include <sys/stat.h>
| #endif
| #ifdef STDC_HEADERS
| # include <stdlib.h>
| # include <stddef.h>
| #else
| # ifdef HAVE_STDLIB_H
| #  include <stdlib.h>
| # endif
| #endif
| #ifdef HAVE_STRING_H
| # if !defined STDC_HEADERS && defined HAVE_MEMORY_H
| #  include <memory.h>
| # endif
| # include <string.h>
| #endif
| #ifdef HAVE_STRINGS_H
| # include <strings.h>
| #endif
| #ifdef HAVE_INTTYPES_H
| # include <inttypes.h>
| #endif
| #ifdef HAVE_STDINT_H
| # include <stdint.h>
| #endif
| #ifdef HAVE_UNISTD_H
| # include <unistd.h>
| #endif
| int
| main ()
| {
| if (sizeof ((_Bool)))
| 	  return 0;
|   ;
|   return 0;
| }
configure:7506: result: yes
configure:7532: checking for stdlib.h
configure:7539: result: yes
configure:7678: checking for GNU libc compatible malloc
configure:7712: gcc -o conftest -g -O2   conftest.c -lm  >&5
configure:7716: $? = 0
configure:7722: ./conftest
configure:7726: $? = 0
configure:7743: result: yes
configure:7776: checking for stdlib.h
configure:7783: result: yes
configure:7922: checking for GNU libc compatible realloc
configure:7956: gcc -o conftest -g -O2   conftest.c -lm  >&5
configure:7960: $? = 0
configure:7966: ./conftest
configure:7970: $? = 0
configure:7987: result: yes
configure:8015: checking for working strtod
configure:8066: gcc -o conftest -g -O2   conftest.c -lm  >&5
configure:8070: $? = 0
configure:8076: ./conftest
configure:8080: $? = 0
configure:8097: result: yes
configure:8283: checking for floor
configure:8339: gcc -o conftest -g -O2   conftest.c -lm  >&5
conftest.c:60: warning: conflicting types for built-in function 'floor'
configure:8346: $? = 0
configure:8368: result: yes
configure:8283: checking for memset
configure:8339: gcc -o conftest -g -O2   conftest.c -lm  >&5
conftest.c:61: warning: conflicting types for built-in function 'memset'
configure:8346: $? = 0
configure:8368: result: yes
configure:8283: checking for pow
configure:8339: gcc -o conftest -g -O2   conftest.c -lm  >&5
conftest.c:62: warning: conflicting types for built-in function 'pow'
configure:8346: $? = 0
configure:8368: result: yes
configure:8283: checking for socket
configure:8339: gcc -o conftest -g -O2   conftest.c -lm  >&5
configure:8346: $? = 0
configure:8368: result: yes
configure:8283: checking for sqrt
configure:8339: gcc -o conftest -g -O2   conftest.c -lm  >&5
conftest.c:64: warning: conflicting types for built-in function 'sqrt'
configure:8346: $? = 0
configure:8368: result: yes
configure:8283: checking for strchr
configure:8339: gcc -o conftest -g -O2   conftest.c -lm  >&5
conftest.c:65: warning: conflicting types for built-in function 'strchr'
configure:8346: $? = 0
configure:8368: result: yes
configure:8283: checking for strdup
configure:8339: gcc -o conftest -g -O2   conftest.c -lm  >&5
conftest.c:66: warning: conflicting types for built-in function 'strdup'
configure:8346: $? = 0
configure:8368: result: yes
configure:8283: checking for strrchr
configure:8339: gcc -o conftest -g -O2   conftest.c -lm  >&5
conftest.c:67: warning: conflicting types for built-in function 'strrchr'
configure:8346: $? = 0
configure:8368: result: yes
configure:8283: checking for strstr
configure:8339: gcc -o conftest -g -O2   conftest.c -lm  >&5
conftest.c:68: warning: conflicting types for built-in function 'strstr'
configure:8346: $? = 0
configure:8368: result: yes
configure:8283: checking for strtol
configure:8339: gcc -o conftest -g -O2   conftest.c -lm  >&5
configure:8346: $? = 0
configure:8368: result: yes
configure:8283: checking for strtoul
configure:8339: gcc -o conftest -g -O2   conftest.c -lm  >&5
configure:8346: $? = 0
configure:8368: result: yes
configure:8521: creating ./config.status

## ---------------------- ##
## Running config.status. ##
## ---------------------- ##

This file was extended by IMa2p config.status 1.0, which was
generated by GNU Autoconf 2.63.  Invocation command line was

  CONFIG_FILES    = 
  CONFIG_HEADERS  = 
  CONFIG_LINKS    = 
  CONFIG_COMMANDS = 
  $ ./config.status 

on athena.plp.iastate.edu

config.status:813: creating Makefile
config.status:813: creating src/Makefile
config.status:813: creating src/config.h
config.status:1087: executing depfiles commands

## ---------------- ##
## Cache variables. ##
## ---------------- ##

ac_cv_c_char_unsigned=no
ac_cv_c_compiler_gnu=yes
ac_cv_c_inline=inline
ac_cv_c_volatile=yes
ac_cv_cxx_compiler_gnu=yes
ac_cv_env_CCC_set=
ac_cv_env_CCC_value=
ac_cv_env_CC_set=
ac_cv_env_CC_value=
ac_cv_env_CFLAGS_set=
ac_cv_env_CFLAGS_value=
ac_cv_env_CPPFLAGS_set=
ac_cv_env_CPPFLAGS_value=
ac_cv_env_CPP_set=
ac_cv_env_CPP_value=
ac_cv_env_CXXFLAGS_set=
ac_cv_env_CXXFLAGS_value=
ac_cv_env_CXX_set=
ac_cv_env_CXX_value=
ac_cv_env_LDFLAGS_set=
ac_cv_env_LDFLAGS_value=
ac_cv_env_LIBS_set=
ac_cv_env_LIBS_value=
ac_cv_env_MPICXX_set=
ac_cv_env_MPICXX_value=
ac_cv_env_build_alias_set=
ac_cv_env_build_alias_value=
ac_cv_env_host_alias_set=
ac_cv_env_host_alias_value=
ac_cv_env_target_alias_set=
ac_cv_env_target_alias_value=
ac_cv_func__doprnt=no
ac_cv_func_floor=yes
ac_cv_func_malloc_0_nonnull=yes
ac_cv_func_memset=yes
ac_cv_func_pow=yes
ac_cv_func_realloc_0_nonnull=yes
ac_cv_func_socket=yes
ac_cv_func_sqrt=yes
ac_cv_func_strchr=yes
ac_cv_func_strdup=yes
ac_cv_func_strrchr=yes
ac_cv_func_strstr=yes
ac_cv_func_strtod=yes
ac_cv_func_strtol=yes
ac_cv_func_strtoul=yes
ac_cv_func_vprintf=yes
ac_cv_header_arpa_inet_h=yes
ac_cv_header_float_h=yes
ac_cv_header_inttypes_h=yes
ac_cv_header_limits_h=yes
ac_cv_header_memory_h=yes
ac_cv_header_mpi_h=no
ac_cv_header_netdb_h=yes
ac_cv_header_netinet_in_h=yes
ac_cv_header_stdbool_h=yes
ac_cv_header_stdc=yes
ac_cv_header_stdint_h=yes
ac_cv_header_stdlib_h=yes
ac_cv_header_string_h=yes
ac_cv_header_strings_h=yes
ac_cv_header_sys_socket_h=yes
ac_cv_header_sys_stat_h=yes
ac_cv_header_sys_types_h=yes
ac_cv_header_unistd_h=yes
ac_cv_lib_m_main=yes
ac_cv_objext=o
ac_cv_path_EGREP='/bin/grep -E'
ac_cv_path_GREP=/bin/grep
ac_cv_path_install='/usr/bin/install -c'
ac_cv_path_mkdir=/bin/mkdir
ac_cv_prog_AWK=gawk
ac_cv_prog_CPP='gcc -E'
ac_cv_prog_ac_ct_CC=gcc
ac_cv_prog_ac_ct_CXX=g++
ac_cv_prog_ac_ct_RANLIB=ranlib
ac_cv_prog_cc_c89=
ac_cv_prog_cc_g=yes
ac_cv_prog_cxx_g=yes
ac_cv_prog_make_make_set=yes
ac_cv_type__Bool=yes
ac_cv_type_size_t=yes
am_cv_CC_dependencies_compiler_type=gcc3
am_cv_CXX_dependencies_compiler_type=gcc3

## ----------------- ##
## Output variables. ##
## ----------------- ##

ACLOCAL='${SHELL} /home/arunseth/imampi/missing --run aclocal-1.11'
AMDEPBACKSLASH='\'
AMDEP_FALSE='#'
AMDEP_TRUE=''
AMTAR='${SHELL} /home/arunseth/imampi/missing --run tar'
AUTOCONF='${SHELL} /home/arunseth/imampi/missing --run autoconf'
AUTOHEADER='${SHELL} /home/arunseth/imampi/missing --run autoheader'
AUTOMAKE='${SHELL} /home/arunseth/imampi/missing --run automake-1.11'
AWK='gawk'
CC='gcc'
CCDEPMODE='depmode=gcc3'
CFLAGS='-g -O2'
CPP='gcc -E'
CPPFLAGS=''
CXX='g++'
CXXDEPMODE='depmode=gcc3'
CXXFLAGS='-g -O2'
CYGPATH_W='echo'
DEFS='-DHAVE_CONFIG_H'
DEPDIR='.deps'
ECHO_C=''
ECHO_N='-n'
ECHO_T=''
EGREP='/bin/grep -E'
EXEEXT=''
GREP='/bin/grep'
INSTALL_DATA='${INSTALL} -m 644'
INSTALL_PROGRAM='${INSTALL}'
INSTALL_SCRIPT='${INSTALL}'
INSTALL_STRIP_PROGRAM='$(install_sh) -c -s'
LDFLAGS=''
LIBOBJS=''
LIBS='-lm '
LN_S='ln -s'
LTLIBOBJS=''
MAINT='#'
MAINTAINER_MODE_FALSE=''
MAINTAINER_MODE_TRUE='#'
MAKEINFO='${SHELL} /home/arunseth/imampi/missing --run makeinfo'
MKDIR_P='/bin/mkdir -p'
MPICXX=''
OBJEXT='o'
PACKAGE='IMa2p'
PACKAGE_BUGREPORT='arun@temple.edu'
PACKAGE_NAME='IMa2p'
PACKAGE_STRING='IMa2p 1.0'
PACKAGE_TARNAME='ima2p'
PACKAGE_VERSION='1.0'
PATH_SEPARATOR=':'
POW_LIB=''
RANLIB='ranlib'
SET_MAKE=''
SHELL='/bin/sh'
STRIP=''
VERSION='1.0'
ac_ct_CC='gcc'
ac_ct_CXX='g++'
am__EXEEXT_FALSE=''
am__EXEEXT_TRUE='#'
am__fastdepCC_FALSE='#'
am__fastdepCC_TRUE=''
am__fastdepCXX_FALSE='#'
am__fastdepCXX_TRUE=''
am__include='include'
am__isrc=''
am__leading_dot='.'
am__quote=''
am__tar='${AMTAR} chof - "$$tardir"'
am__untar='${AMTAR} xf -'
bindir='${exec_prefix}/bin'
build_alias=''
datadir='${datarootdir}'
datarootdir='${prefix}/share'
docdir='${datarootdir}/doc/${PACKAGE_TARNAME}'
dvidir='${docdir}'
exec_prefix='${prefix}'
host_alias=''
htmldir='${docdir}'
includedir='${prefix}/include'
infodir='${datarootdir}/info'
install_sh='${SHELL} /home/arunseth/imampi/install-sh'
libdir='${exec_prefix}/lib'
libexecdir='${exec_prefix}/libexec'
localedir='${datarootdir}/locale'
localstatedir='${prefix}/var'
mandir='${datarootdir}/man'
mkdir_p='/bin/mkdir -p'
oldincludedir='/usr/include'
pdfdir='${docdir}'
prefix='/home/arunseth/imampi'
program_transform_name='s,x,x,'
psdir='${docdir}'
sbindir='${exec_prefix}/sbin'
sharedstatedir='${prefix}/com'
sysconfdir='${prefix}/etc'
target_alias=''

## ----------- ##
## confdefs.h. ##
## ----------- ##

#define PACKAGE_NAME "IMa2p"
#define PACKAGE_TARNAME "ima2p"
#define PACKAGE_VERSION "1.0"
#define PACKAGE_STRING "IMa2p 1.0"
#define PACKAGE_BUGREPORT "arun@temple.edu"
#define PACKAGE "IMa2p"
#define VERSION "1.0"
#define STDC_HEADERS 1
#define HAVE_SYS_TYPES_H 1
#define HAVE_SYS_STAT_H 1
#define HAVE_STDLIB_H 1
#define HAVE_STRING_H 1
#define HAVE_MEMORY_H 1
#define HAVE_STRINGS_H 1
#define HAVE_INTTYPES_H 1
#define HAVE_STDINT_H 1
#define HAVE_UNISTD_H 1
#define HAVE_VPRINTF 1
#define HAVE_LIBM 1
#define HAVE_ARPA_INET_H 1
#define HAVE_FLOAT_H 1
#define HAVE_LIMITS_H 1
#define HAVE_NETDB_H 1
#define HAVE_NETINET_IN_H 1
#define HAVE_STDLIB_H 1
#define HAVE_STRING_H 1
#define HAVE_SYS_SOCKET_H 1
#define HAVE_UNISTD_H 1
#define HAVE__BOOL 1
#define HAVE_STDBOOL_H 1
#define HAVE_STDLIB_H 1
#define HAVE_MALLOC 1
#define HAVE_STDLIB_H 1
#define HAVE_REALLOC 1
#define HAVE_FLOOR 1
#define HAVE_MEMSET 1
#define HAVE_POW 1
#define HAVE_SOCKET 1
#define HAVE_SQRT 1
#define HAVE_STRCHR 1
#define HAVE_STRDUP 1
#define HAVE_STRRCHR 1
#define HAVE_STRSTR 1
#define HAVE_STRTOL 1
#define HAVE_STRTOUL 1

configure: exit 0
